  SYNC    include/config/auto.conf.cmd
  HOSTCC  scripts/kconfig/conf.o
  HOSTLD  scripts/kconfig/conf
kernel/trace/Kconfig:427:warning: ignoring type redefinition of 'MMIOTRACE' from 'tristate' to 'bool'
  SYSHDR  arch/x86/include/generated/uapi/asm/unistd_32.h
  SYSHDR  arch/x86/include/generated/uapi/asm/unistd_64.h
  SYSHDR  arch/x86/include/generated/uapi/asm/unistd_x32.h
  SYSTBL  arch/x86/include/generated/asm/syscalls_32.h
  SYSHDR  arch/x86/include/generated/asm/unistd_32_ia32.h
  SYSHDR  arch/x86/include/generated/asm/unistd_64_x32.h
  SYSTBL  arch/x86/include/generated/asm/syscalls_64.h
  SYSTBL  arch/x86/include/generated/asm/syscalls_x32.h
  HYPERCALLS arch/x86/include/generated/asm/xen-hypercalls.h
  HOSTCC  arch/x86/tools/relocs_32.o
  HOSTCC  arch/x86/tools/relocs_64.o
  HOSTCC  arch/x86/tools/relocs_common.o
  HOSTLD  arch/x86/tools/relocs
  HOSTCC  scripts/genksyms/genksyms.o
  YACC    scripts/genksyms/parse.tab.[ch]
  HOSTCC  scripts/genksyms/parse.tab.o
  LEX     scripts/genksyms/lex.lex.c
  HOSTCC  scripts/genksyms/lex.lex.o
  HOSTLD  scripts/genksyms/genksyms
  HOSTCC  scripts/selinux/genheaders/genheaders
  HOSTCC  scripts/selinux/mdp/mdp
  HOSTCC  scripts/bin2c
  HOSTCC  scripts/kallsyms
  HOSTCC  scripts/sorttable
  HOSTCC  scripts/asn1_compiler
  HOSTCC  scripts/sign-file
  HOSTCC  scripts/extract-cert
  HOSTCC  scripts/insert-sys-cert
  WRAP    arch/x86/include/generated/uapi/asm/bpf_perf_event.h
  WRAP    arch/x86/include/generated/uapi/asm/errno.h
  WRAP    arch/x86/include/generated/uapi/asm/fcntl.h
  WRAP    arch/x86/include/generated/uapi/asm/ioctl.h
  WRAP    arch/x86/include/generated/uapi/asm/ioctls.h
  WRAP    arch/x86/include/generated/uapi/asm/ipcbuf.h
  WRAP    arch/x86/include/generated/uapi/asm/param.h
  WRAP    arch/x86/include/generated/uapi/asm/poll.h
  WRAP    arch/x86/include/generated/uapi/asm/resource.h
  WRAP    arch/x86/include/generated/uapi/asm/socket.h
  WRAP    arch/x86/include/generated/uapi/asm/sockios.h
  WRAP    arch/x86/include/generated/uapi/asm/termbits.h
  WRAP    arch/x86/include/generated/uapi/asm/termios.h
  WRAP    arch/x86/include/generated/uapi/asm/types.h
  WRAP    arch/x86/include/generated/asm/early_ioremap.h
  WRAP    arch/x86/include/generated/asm/export.h
  WRAP    arch/x86/include/generated/asm/mcs_spinlock.h
  WRAP    arch/x86/include/generated/asm/irq_regs.h
  WRAP    arch/x86/include/generated/asm/kmap_size.h
  WRAP    arch/x86/include/generated/asm/local64.h
  WRAP    arch/x86/include/generated/asm/mmiowb.h
  WRAP    arch/x86/include/generated/asm/module.lds.h
  WRAP    arch/x86/include/generated/asm/rwonce.h
  WRAP    arch/x86/include/generated/asm/unaligned.h
  UPD     include/config/kernel.release
  UPD     include/generated/uapi/linux/version.h
  UPD     include/generated/utsrelease.h
  CC      scripts/mod/empty.o
  HOSTCC  scripts/mod/mk_elfconfig
  MKELF   scripts/mod/elfconfig.h
  HOSTCC  scripts/mod/modpost.o
  CC      scripts/mod/devicetable-offsets.s
  UPD     scripts/mod/devicetable-offsets.h
  HOSTCC  scripts/mod/file2alias.o
  HOSTCC  scripts/mod/sumversion.o
  HOSTLD  scripts/mod/modpost
  CC      kernel/bounds.s
  UPD     include/generated/bounds.h
  UPD     include/generated/timeconst.h
  CC      arch/x86/kernel/asm-offsets.s
  UPD     include/generated/asm-offsets.h
  CALL    scripts/checksyscalls.sh
  CALL    scripts/atomic/check-atomics.sh
  DESCEND objtool
  HOSTCC  /home/zsl/linux-5.15.91/tools/objtool/fixdep.o
  HOSTLD  /home/zsl/linux-5.15.91/tools/objtool/fixdep-in.o
  LINK    /home/zsl/linux-5.15.91/tools/objtool/fixdep
  CC      /home/zsl/linux-5.15.91/tools/objtool/exec-cmd.o
  CC      /home/zsl/linux-5.15.91/tools/objtool/help.o
  CC      /home/zsl/linux-5.15.91/tools/objtool/pager.o
  CC      /home/zsl/linux-5.15.91/tools/objtool/parse-options.o
  CC      /home/zsl/linux-5.15.91/tools/objtool/run-command.o
  CC      /home/zsl/linux-5.15.91/tools/objtool/sigchain.o
  CC      /home/zsl/linux-5.15.91/tools/objtool/subcmd-config.o
  LD      /home/zsl/linux-5.15.91/tools/objtool/libsubcmd-in.o
  AR      /home/zsl/linux-5.15.91/tools/objtool/libsubcmd.a
  CC      /home/zsl/linux-5.15.91/tools/objtool/arch/x86/special.o
  MKDIR   /home/zsl/linux-5.15.91/tools/objtool/arch/x86/lib/
  GEN     /home/zsl/linux-5.15.91/tools/objtool/arch/x86/lib/inat-tables.c
  CC      /home/zsl/linux-5.15.91/tools/objtool/arch/x86/decode.o
  LD      /home/zsl/linux-5.15.91/tools/objtool/arch/x86/objtool-in.o
  CC      /home/zsl/linux-5.15.91/tools/objtool/weak.o
  CC      /home/zsl/linux-5.15.91/tools/objtool/check.o
  CC      /home/zsl/linux-5.15.91/tools/objtool/special.o
  CC      /home/zsl/linux-5.15.91/tools/objtool/orc_gen.o
  CC      /home/zsl/linux-5.15.91/tools/objtool/orc_dump.o
  CC      /home/zsl/linux-5.15.91/tools/objtool/builtin-check.o
  CC      /home/zsl/linux-5.15.91/tools/objtool/builtin-orc.o
  CC      /home/zsl/linux-5.15.91/tools/objtool/elf.o
  CC      /home/zsl/linux-5.15.91/tools/objtool/objtool.o
  CC      /home/zsl/linux-5.15.91/tools/objtool/libstring.o
  CC      /home/zsl/linux-5.15.91/tools/objtool/libctype.o
  CC      /home/zsl/linux-5.15.91/tools/objtool/str_error_r.o
  CC      /home/zsl/linux-5.15.91/tools/objtool/librbtree.o
  LD      /home/zsl/linux-5.15.91/tools/objtool/objtool-in.o
  LINK    /home/zsl/linux-5.15.91/tools/objtool/objtool
  DESCEND bpf/resolve_btfids
  MKDIR     /home/zsl/linux-5.15.91/tools/bpf/resolve_btfids//libbpf
  GEN     /home/zsl/linux-5.15.91/tools/bpf/resolve_btfids/libbpf/bpf_helper_defs.h
  MKDIR   /home/zsl/linux-5.15.91/tools/bpf/resolve_btfids/libbpf/staticobjs/
  CC      /home/zsl/linux-5.15.91/tools/bpf/resolve_btfids/libbpf/staticobjs/libbpf.o
  CC      /home/zsl/linux-5.15.91/tools/bpf/resolve_btfids/libbpf/staticobjs/bpf.o
  CC      /home/zsl/linux-5.15.91/tools/bpf/resolve_btfids/libbpf/staticobjs/nlattr.o
  CC      /home/zsl/linux-5.15.91/tools/bpf/resolve_btfids/libbpf/staticobjs/btf.o
  CC      /home/zsl/linux-5.15.91/tools/bpf/resolve_btfids/libbpf/staticobjs/libbpf_errno.o
  CC      /home/zsl/linux-5.15.91/tools/bpf/resolve_btfids/libbpf/staticobjs/str_error.o
  CC      /home/zsl/linux-5.15.91/tools/bpf/resolve_btfids/libbpf/staticobjs/netlink.o
  CC      /home/zsl/linux-5.15.91/tools/bpf/resolve_btfids/libbpf/staticobjs/bpf_prog_linfo.o
  CC      /home/zsl/linux-5.15.91/tools/bpf/resolve_btfids/libbpf/staticobjs/libbpf_probes.o
  CC      /home/zsl/linux-5.15.91/tools/bpf/resolve_btfids/libbpf/staticobjs/xsk.o
  CC      /home/zsl/linux-5.15.91/tools/bpf/resolve_btfids/libbpf/staticobjs/hashmap.o
  CC      /home/zsl/linux-5.15.91/tools/bpf/resolve_btfids/libbpf/staticobjs/btf_dump.o
  CC      /home/zsl/linux-5.15.91/tools/bpf/resolve_btfids/libbpf/staticobjs/ringbuf.o
  CC      /home/zsl/linux-5.15.91/tools/bpf/resolve_btfids/libbpf/staticobjs/strset.o
  CC      /home/zsl/linux-5.15.91/tools/bpf/resolve_btfids/libbpf/staticobjs/linker.o
  CC      /home/zsl/linux-5.15.91/tools/bpf/resolve_btfids/libbpf/staticobjs/gen_loader.o
  CC      /home/zsl/linux-5.15.91/tools/bpf/resolve_btfids/libbpf/staticobjs/relo_core.o
  LD      /home/zsl/linux-5.15.91/tools/bpf/resolve_btfids/libbpf/staticobjs/libbpf-in.o
  LINK    /home/zsl/linux-5.15.91/tools/bpf/resolve_btfids/libbpf/libbpf.a
  HOSTCC  /home/zsl/linux-5.15.91/tools/bpf/resolve_btfids/fixdep.o
  HOSTLD  /home/zsl/linux-5.15.91/tools/bpf/resolve_btfids/fixdep-in.o
  LINK    /home/zsl/linux-5.15.91/tools/bpf/resolve_btfids/fixdep
  MKDIR     /home/zsl/linux-5.15.91/tools/bpf/resolve_btfids//libsubcmd
  CC      /home/zsl/linux-5.15.91/tools/bpf/resolve_btfids/libsubcmd/exec-cmd.o
  CC      /home/zsl/linux-5.15.91/tools/bpf/resolve_btfids/libsubcmd/help.o
  CC      /home/zsl/linux-5.15.91/tools/bpf/resolve_btfids/libsubcmd/pager.o
  CC      /home/zsl/linux-5.15.91/tools/bpf/resolve_btfids/libsubcmd/parse-options.o
  CC      /home/zsl/linux-5.15.91/tools/bpf/resolve_btfids/libsubcmd/run-command.o
  CC      /home/zsl/linux-5.15.91/tools/bpf/resolve_btfids/libsubcmd/sigchain.o
  CC      /home/zsl/linux-5.15.91/tools/bpf/resolve_btfids/libsubcmd/subcmd-config.o
  LD      /home/zsl/linux-5.15.91/tools/bpf/resolve_btfids/libsubcmd/libsubcmd-in.o
  AR      /home/zsl/linux-5.15.91/tools/bpf/resolve_btfids/libsubcmd/libsubcmd.a
  CC      /home/zsl/linux-5.15.91/tools/bpf/resolve_btfids/main.o
  CC      /home/zsl/linux-5.15.91/tools/bpf/resolve_btfids/rbtree.o
  CC      /home/zsl/linux-5.15.91/tools/bpf/resolve_btfids/zalloc.o
  CC      /home/zsl/linux-5.15.91/tools/bpf/resolve_btfids/string.o
  CC      /home/zsl/linux-5.15.91/tools/bpf/resolve_btfids/ctype.o
  CC      /home/zsl/linux-5.15.91/tools/bpf/resolve_btfids/str_error_r.o
  LD      /home/zsl/linux-5.15.91/tools/bpf/resolve_btfids/resolve_btfids-in.o
  LINK     resolve_btfids
  CC      init/main.o
  CHK     include/generated/compile.h
  UPD     include/generated/compile.h
  CC      init/version.o
  CC      init/do_mounts.o
  CC      init/do_mounts_initrd.o
  CC      init/initramfs.o
  CC      init/calibrate.o
  CC      init/init_task.o
  AR      init/built-in.a
  HOSTCC  usr/gen_init_cpio
  GEN     usr/initramfs_data.cpio
  SHIPPED usr/initramfs_inc_data
  AS      usr/initramfs_data.o
  AR      usr/built-in.a
  CC      arch/x86/entry/vdso/vma.o
  CC      arch/x86/entry/vdso/extable.o
  CC      arch/x86/entry/vdso/vdso32-setup.o
  LDS     arch/x86/entry/vdso/vdso.lds
  AS      arch/x86/entry/vdso/vdso-note.o
  CC      arch/x86/entry/vdso/vclock_gettime.o
  CC      arch/x86/entry/vdso/vgetcpu.o
  AS      arch/x86/entry/vdso/vsgx.o
  VDSO    arch/x86/entry/vdso/vdso64.so.dbg
  OBJCOPY arch/x86/entry/vdso/vdso64.so
  HOSTCC  arch/x86/entry/vdso/vdso2c
  VDSO2C  arch/x86/entry/vdso/vdso-image-64.c
  CC      arch/x86/entry/vdso/vdso-image-64.o
  LDS     arch/x86/entry/vdso/vdsox32.lds
  X32     arch/x86/entry/vdso/vdso-note-x32.o
  X32     arch/x86/entry/vdso/vclock_gettime-x32.o
  X32     arch/x86/entry/vdso/vgetcpu-x32.o
  X32     arch/x86/entry/vdso/vsgx-x32.o
  VDSO    arch/x86/entry/vdso/vdsox32.so.dbg
  OBJCOPY arch/x86/entry/vdso/vdsox32.so
  VDSO2C  arch/x86/entry/vdso/vdso-image-x32.c
  CC      arch/x86/entry/vdso/vdso-image-x32.o
  LDS     arch/x86/entry/vdso/vdso32/vdso32.lds
  AS      arch/x86/entry/vdso/vdso32/note.o
  AS      arch/x86/entry/vdso/vdso32/system_call.o
  AS      arch/x86/entry/vdso/vdso32/sigreturn.o
  CC      arch/x86/entry/vdso/vdso32/vclock_gettime.o
  VDSO    arch/x86/entry/vdso/vdso32.so.dbg
  OBJCOPY arch/x86/entry/vdso/vdso32.so
  VDSO2C  arch/x86/entry/vdso/vdso-image-32.c
  CC      arch/x86/entry/vdso/vdso-image-32.o
  AR      arch/x86/entry/vdso/built-in.a
  CC      arch/x86/entry/vsyscall/vsyscall_64.o
  AS      arch/x86/entry/vsyscall/vsyscall_emu_64.o
  AR      arch/x86/entry/vsyscall/built-in.a
  AS      arch/x86/entry/entry.o
  AS      arch/x86/entry/entry_64.o
  CC      arch/x86/entry/syscall_64.o
  CC      arch/x86/entry/common.o
  AS      arch/x86/entry/entry_64_compat.o
  CC      arch/x86/entry/syscall_32.o
  CC      arch/x86/entry/syscall_x32.o
  AR      arch/x86/entry/built-in.a
  CC      arch/x86/events/amd/core.o
  CC      arch/x86/events/amd/ibs.o
  CC      arch/x86/events/amd/iommu.o
  AR      arch/x86/events/amd/built-in.a
  CC [M]  arch/x86/events/amd/uncore.o
  LD [M]  arch/x86/events/amd/amd-uncore.o
  CC      arch/x86/events/intel/core.o
  CC      arch/x86/events/intel/bts.o
  CC      arch/x86/events/intel/ds.o
  CC      arch/x86/events/intel/knc.o
  CC      arch/x86/events/intel/lbr.o
  CC      arch/x86/events/intel/p4.o
  CC      arch/x86/events/intel/p6.o
  CC      arch/x86/events/intel/pt.o
  CC      arch/x86/events/intel/uncore.o
  CC      arch/x86/events/intel/uncore_nhmex.o
  CC      arch/x86/events/intel/uncore_snb.o
  CC      arch/x86/events/intel/uncore_snbep.o
  CC      arch/x86/events/intel/uncore_discovery.o
  AR      arch/x86/events/intel/built-in.a
  CC [M]  arch/x86/events/intel/cstate.o
  LD [M]  arch/x86/events/intel/intel-cstate.o
  CC      arch/x86/events/zhaoxin/core.o
  AR      arch/x86/events/zhaoxin/built-in.a
  CC      arch/x86/events/core.o
  CC      arch/x86/events/probe.o
  CC      arch/x86/events/msr.o
  AR      arch/x86/events/built-in.a
  CC [M]  arch/x86/events/rapl.o
  CC      arch/x86/xen/enlighten.o
  CC      arch/x86/xen/mmu.o
  CC      arch/x86/xen/time.o
  CC      arch/x86/xen/grant-table.o
  CC      arch/x86/xen/suspend.o
  CC      arch/x86/xen/enlighten_hvm.o
  CC      arch/x86/xen/mmu_hvm.o
  CC      arch/x86/xen/suspend_hvm.o
  CC      arch/x86/xen/platform-pci-unplug.o
  CC      arch/x86/xen/setup.o
  CC      arch/x86/xen/apic.o
  CC      arch/x86/xen/pmu.o
  CC      arch/x86/xen/suspend_pv.o
  CC      arch/x86/xen/p2m.o
  CC      arch/x86/xen/enlighten_pv.o
  CC      arch/x86/xen/mmu_pv.o
  CC      arch/x86/xen/irq.o
  CC      arch/x86/xen/multicalls.o
  AS      arch/x86/xen/xen-asm.o
  CC      arch/x86/xen/enlighten_pvh.o
  CC      arch/x86/xen/trace.o
  CC      arch/x86/xen/smp.o
  CC      arch/x86/xen/smp_pv.o
  CC      arch/x86/xen/smp_hvm.o
  CC      arch/x86/xen/spinlock.o
  CC      arch/x86/xen/vga.o
  CC      arch/x86/xen/pci-swiotlb-xen.o
  CC      arch/x86/xen/efi.o
  AR      arch/x86/xen/built-in.a
  CC      arch/x86/platform/pvh/enlighten.o
  AS      arch/x86/platform/pvh/head.o
  AR      arch/x86/platform/pvh/built-in.a
  CC      arch/x86/hyperv/hv_init.o
  CC      arch/x86/hyperv/mmu.o
  CC      arch/x86/hyperv/nested.o
  CC      arch/x86/hyperv/irqdomain.o
  CC      arch/x86/hyperv/hv_apic.o
  CC      arch/x86/hyperv/hv_proc.o
  CC      arch/x86/hyperv/hv_spinlock.o
  AR      arch/x86/hyperv/built-in.a
  CC      arch/x86/realmode/init.o
  AS      arch/x86/realmode/rm/header.o
  AS      arch/x86/realmode/rm/trampoline_64.o
  AS      arch/x86/realmode/rm/stack.o
  AS      arch/x86/realmode/rm/reboot.o
  AS      arch/x86/realmode/rm/wakeup_asm.o
  CC      arch/x86/realmode/rm/wakemain.o
  CC      arch/x86/realmode/rm/video-mode.o
  AS      arch/x86/realmode/rm/copy.o
  AS      arch/x86/realmode/rm/bioscall.o
  CC      arch/x86/realmode/rm/regs.o
  CC      arch/x86/realmode/rm/video-vga.o
  CC      arch/x86/realmode/rm/video-vesa.o
  CC      arch/x86/realmode/rm/video-bios.o
  PASYMS  arch/x86/realmode/rm/pasyms.h
  LDS     arch/x86/realmode/rm/realmode.lds
  LD      arch/x86/realmode/rm/realmode.elf
  RELOCS  arch/x86/realmode/rm/realmode.relocs
  OBJCOPY arch/x86/realmode/rm/realmode.bin
  AS      arch/x86/realmode/rmpiggy.o
  AR      arch/x86/realmode/built-in.a
  CC      arch/x86/kernel/fpu/init.o
  CC      arch/x86/kernel/fpu/bugs.o
  CC      arch/x86/kernel/fpu/core.o
  CC      arch/x86/kernel/fpu/regset.o
  CC      arch/x86/kernel/fpu/signal.o
  CC      arch/x86/kernel/fpu/xstate.o
  AR      arch/x86/kernel/fpu/built-in.a
  CC      arch/x86/kernel/cpu/mce/core.o
  CC      arch/x86/kernel/cpu/mce/severity.o
  CC      arch/x86/kernel/cpu/mce/genpool.o
  CC      arch/x86/kernel/cpu/mce/intel.o
  CC      arch/x86/kernel/cpu/mce/amd.o
  CC      arch/x86/kernel/cpu/mce/threshold.o
  CC      arch/x86/kernel/cpu/mce/apei.o
  CC      arch/x86/kernel/cpu/mce/dev-mcelog.o
  AR      arch/x86/kernel/cpu/mce/built-in.a
  CC [M]  arch/x86/kernel/cpu/mce/inject.o
  LD [M]  arch/x86/kernel/cpu/mce/mce-inject.o
  CC      arch/x86/kernel/cpu/mtrr/mtrr.o
  CC      arch/x86/kernel/cpu/mtrr/if.o
  CC      arch/x86/kernel/cpu/mtrr/generic.o
  CC      arch/x86/kernel/cpu/mtrr/cleanup.o
  AR      arch/x86/kernel/cpu/mtrr/built-in.a
  CC      arch/x86/kernel/cpu/microcode/core.o
  CC      arch/x86/kernel/cpu/microcode/intel.o
  CC      arch/x86/kernel/cpu/microcode/amd.o
  AR      arch/x86/kernel/cpu/microcode/built-in.a
  CC      arch/x86/kernel/cpu/resctrl/core.o
  CC      arch/x86/kernel/cpu/resctrl/rdtgroup.o
  CC      arch/x86/kernel/cpu/resctrl/monitor.o
  CC      arch/x86/kernel/cpu/resctrl/ctrlmondata.o
  CC      arch/x86/kernel/cpu/resctrl/pseudo_lock.o
  AR      arch/x86/kernel/cpu/resctrl/built-in.a
  CC      arch/x86/kernel/cpu/sgx/driver.o
  CC      arch/x86/kernel/cpu/sgx/encl.o
  CC      arch/x86/kernel/cpu/sgx/ioctl.o
  CC      arch/x86/kernel/cpu/sgx/main.o
  CC      arch/x86/kernel/cpu/sgx/virt.o
  AR      arch/x86/kernel/cpu/sgx/built-in.a
  CC      arch/x86/kernel/cpu/cacheinfo.o
  CC      arch/x86/kernel/cpu/scattered.o
  CC      arch/x86/kernel/cpu/topology.o
  CC      arch/x86/kernel/cpu/common.o
  CC      arch/x86/kernel/cpu/rdrand.o
  CC      arch/x86/kernel/cpu/match.o
  CC      arch/x86/kernel/cpu/bugs.o
  CC      arch/x86/kernel/cpu/aperfmperf.o
  CC      arch/x86/kernel/cpu/cpuid-deps.o
  CC      arch/x86/kernel/cpu/umwait.o
  CC      arch/x86/kernel/cpu/proc.o
  MKCAP   arch/x86/kernel/cpu/capflags.c
  CC      arch/x86/kernel/cpu/capflags.o
  CC      arch/x86/kernel/cpu/powerflags.o
  CC      arch/x86/kernel/cpu/feat_ctl.o
  CC      arch/x86/kernel/cpu/intel.o
  CC      arch/x86/kernel/cpu/intel_pconfig.o
  CC      arch/x86/kernel/cpu/tsx.o
  CC      arch/x86/kernel/cpu/intel_epb.o
  CC      arch/x86/kernel/cpu/amd.o
  CC      arch/x86/kernel/cpu/hygon.o
  CC      arch/x86/kernel/cpu/centaur.o
  CC      arch/x86/kernel/cpu/zhaoxin.o
  CC      arch/x86/kernel/cpu/perfctr-watchdog.o
  CC      arch/x86/kernel/cpu/vmware.o
  CC      arch/x86/kernel/cpu/hypervisor.o
  CC      arch/x86/kernel/cpu/mshyperv.o
  CC      arch/x86/kernel/cpu/acrn.o
  AR      arch/x86/kernel/cpu/built-in.a
  CC      arch/x86/kernel/acpi/boot.o
  CC      arch/x86/kernel/acpi/sleep.o
  AS      arch/x86/kernel/acpi/wakeup_64.o
  CC      arch/x86/kernel/acpi/apei.o
  CC      arch/x86/kernel/acpi/cppc_msr.o
  CC      arch/x86/kernel/acpi/cstate.o
  AR      arch/x86/kernel/acpi/built-in.a
  CC      arch/x86/kernel/apic/apic.o
  CC      arch/x86/kernel/apic/apic_common.o
  CC      arch/x86/kernel/apic/apic_noop.o
  CC      arch/x86/kernel/apic/ipi.o
  CC      arch/x86/kernel/apic/vector.o
  CC      arch/x86/kernel/apic/hw_nmi.o
  CC      arch/x86/kernel/apic/io_apic.o
  CC      arch/x86/kernel/apic/msi.o
  CC      arch/x86/kernel/apic/apic_numachip.o
  CC      arch/x86/kernel/apic/x2apic_uv_x.o
  CC      arch/x86/kernel/apic/x2apic_phys.o
  CC      arch/x86/kernel/apic/x2apic_cluster.o
  CC      arch/x86/kernel/apic/apic_flat_64.o
  CC      arch/x86/kernel/apic/probe_64.o
  AR      arch/x86/kernel/apic/built-in.a
  CC      arch/x86/kernel/kprobes/core.o
  CC      arch/x86/kernel/kprobes/opt.o
  CC      arch/x86/kernel/kprobes/ftrace.o
  AR      arch/x86/kernel/kprobes/built-in.a
  CC      arch/x86/kernel/mmiotrace/pf_in.o
  CC      arch/x86/kernel/mmiotrace/kmmio.o
arch/x86/kernel/mmiotrace/kmmio.c:53:15: error: variable ‘kmmio_pf_hook’ has initializer but incomplete type
   53 | static struct pf_handler kmmio_pf_hook = {
      |               ^~~~~~~~~~
arch/x86/kernel/mmiotrace/kmmio.c:54:3: error: ‘struct pf_handler’ has no member named ‘handler’
   54 |  .handler = kmmio_page_fault
      |   ^~~~~~~
arch/x86/kernel/mmiotrace/kmmio.c:54:13: warning: excess elements in struct initializer
   54 |  .handler = kmmio_page_fault
      |             ^~~~~~~~~~~~~~~~
arch/x86/kernel/mmiotrace/kmmio.c:54:13: note: (near initialization for ‘kmmio_pf_hook’)
arch/x86/kernel/mmiotrace/kmmio.c: In function ‘cleanup_kmmio’:
arch/x86/kernel/mmiotrace/kmmio.c:79:3: error: implicit declaration of function ‘unregister_page_fault_handler’ [-Werror=implicit-function-declaration]
   79 |   unregister_page_fault_handler(&kmmio_pf_hook);
      |   ^~~~~~~~~~~~~~~~~~~~~~~~~~~~~
arch/x86/kernel/mmiotrace/kmmio.c: In function ‘arm_kmmio_fault_page’:
arch/x86/kernel/mmiotrace/kmmio.c:124:26: error: passing argument 1 of ‘pud_offset’ from incompatible pointer type [-Werror=incompatible-pointer-types]
  124 |  pud_t *pud = pud_offset(pgd, address);
      |                          ^~~
      |                          |
      |                          pgd_t * {aka struct <anonymous> *}
In file included from ./include/linux/mm.h:33,
                 from arch/x86/kernel/mmiotrace/kmmio.c:15:
./include/linux/pgtable.h:116:40: note: expected ‘p4d_t *’ {aka ‘struct <anonymous> *’} but argument is of type ‘pgd_t *’ {aka ‘struct <anonymous> *’}
  116 | static inline pud_t *pud_offset(p4d_t *p4d, unsigned long address)
      |                                 ~~~~~~~^~~
arch/x86/kernel/mmiotrace/kmmio.c:136:2: error: implicit declaration of function ‘__flush_tlb_one’; did you mean ‘__flush_tlb_all’? [-Werror=implicit-function-declaration]
  136 |  __flush_tlb_one(page);
      |  ^~~~~~~~~~~~~~~
      |  __flush_tlb_all
arch/x86/kernel/mmiotrace/kmmio.c: In function ‘disarm_kmmio_fault_page’:
arch/x86/kernel/mmiotrace/kmmio.c:143:26: error: passing argument 1 of ‘pud_offset’ from incompatible pointer type [-Werror=incompatible-pointer-types]
  143 |  pud_t *pud = pud_offset(pgd, address);
      |                          ^~~
      |                          |
      |                          pgd_t * {aka struct <anonymous> *}
In file included from ./include/linux/mm.h:33,
                 from arch/x86/kernel/mmiotrace/kmmio.c:15:
./include/linux/pgtable.h:116:40: note: expected ‘p4d_t *’ {aka ‘struct <anonymous> *’} but argument is of type ‘pgd_t *’ {aka ‘struct <anonymous> *’}
  116 | static inline pud_t *pud_offset(p4d_t *p4d, unsigned long address)
      |                                 ~~~~~~~^~~
arch/x86/kernel/mmiotrace/kmmio.c: In function ‘kmmio_handler’:
arch/x86/kernel/mmiotrace/kmmio.c:210:37: error: ‘TF_MASK’ undeclared (first use in this function)
  210 |  ctx->saved_flags = (regs->flags & (TF_MASK|IF_MASK));
      |                                     ^~~~~~~
arch/x86/kernel/mmiotrace/kmmio.c:210:37: note: each undeclared identifier is reported only once for each function it appears in
arch/x86/kernel/mmiotrace/kmmio.c:210:45: error: ‘IF_MASK’ undeclared (first use in this function); did you mean ‘BIT_MASK’?
  210 |  ctx->saved_flags = (regs->flags & (TF_MASK|IF_MASK));
      |                                             ^~~~~~~
      |                                             BIT_MASK
arch/x86/kernel/mmiotrace/kmmio.c: In function ‘post_kmmio_handler’:
arch/x86/kernel/mmiotrace/kmmio.c:250:18: error: ‘TF_MASK’ undeclared (first use in this function)
  250 |  regs->flags &= ~TF_MASK;
      |                  ^~~~~~~
arch/x86/kernel/mmiotrace/kmmio.c: In function ‘register_kmmio_probe’:
arch/x86/kernel/mmiotrace/kmmio.c:330:3: error: implicit declaration of function ‘register_page_fault_handler’ [-Werror=implicit-function-declaration]
  330 |   register_page_fault_handler(&kmmio_pf_hook);
      |   ^~~~~~~~~~~~~~~~~~~~~~~~~~~
arch/x86/kernel/mmiotrace/kmmio.c: At top level:
arch/x86/kernel/mmiotrace/kmmio.c:53:26: error: storage size of ‘kmmio_pf_hook’ isn’t known
   53 | static struct pf_handler kmmio_pf_hook = {
      |                          ^~~~~~~~~~~~~
cc1: some warnings being treated as errors
make[3]: *** [scripts/Makefile.build:289: arch/x86/kernel/mmiotrace/kmmio.o] Error 1
make[2]: *** [scripts/Makefile.build:552: arch/x86/kernel/mmiotrace] Error 2
make[1]: *** [scripts/Makefile.build:552: arch/x86/kernel] Error 2
make: *** [Makefile:1903: arch/x86] Error 2
